16:00:12.500 [main] ERROR org.apache.catalina.core.StandardService - Failed to start connector [Connector[HTTP/1.1-9082]]
org.apache.catalina.LifecycleException: Failed to start component [Connector[HTTP/1.1-9082]]
	at org.apache.catalina.util.LifecycleBase.start(LifecycleBase.java:167) ~[tomcat-embed-core-8.5.29.jar:8.5.29]
	at org.apache.catalina.core.StandardService.addConnector(StandardService.java:225) [tomcat-embed-core-8.5.29.jar:8.5.29]
	at org.springframework.boot.web.embedded.tomcat.TomcatWebServer.addPreviouslyRemovedConnectors(TomcatWebServer.java:256) [spring-boot-2.0.1.RELEASE.jar:2.0.1.RELEASE]
	at org.springframework.boot.web.embedded.tomcat.TomcatWebServer.start(TomcatWebServer.java:198) [spring-boot-2.0.1.RELEASE.jar:2.0.1.RELEASE]
	at org.springframework.boot.web.servlet.context.ServletWebServerApplicationContext.startWebServer(ServletWebServerApplicationContext.java:300) [spring-boot-2.0.1.RELEASE.jar:2.0.1.RELEASE]
	at org.springframework.boot.web.servlet.context.ServletWebServerApplicationContext.finishRefresh(ServletWebServerApplicationContext.java:162) [spring-boot-2.0.1.RELEASE.jar:2.0.1.RELEASE]
	at org.springframework.context.support.AbstractApplicationContext.refresh(AbstractApplicationContext.java:553) [spring-context-5.0.5.RELEASE.jar:5.0.5.RELEASE]
	at org.springframework.boot.web.servlet.context.ServletWebServerApplicationContext.refresh(ServletWebServerApplicationContext.java:140) [spring-boot-2.0.1.RELEASE.jar:2.0.1.RELEASE]
	at org.springframework.boot.SpringApplication.refresh(SpringApplication.java:759) [spring-boot-2.0.1.RELEASE.jar:2.0.1.RELEASE]
	at org.springframework.boot.SpringApplication.refreshContext(SpringApplication.java:395) [spring-boot-2.0.1.RELEASE.jar:2.0.1.RELEASE]
	at org.springframework.boot.SpringApplication.run(SpringApplication.java:327) [spring-boot-2.0.1.RELEASE.jar:2.0.1.RELEASE]
	at org.springframework.boot.SpringApplication.run(SpringApplication.java:1255) [spring-boot-2.0.1.RELEASE.jar:2.0.1.RELEASE]
	at org.springframework.boot.SpringApplication.run(SpringApplication.java:1243) [spring-boot-2.0.1.RELEASE.jar:2.0.1.RELEASE]
	at org.springboot.blog.project.blogs.blogApplication.main(blogApplication.java:15) [classes/:?]
Caused by: org.apache.catalina.LifecycleException: Protocol handler start failed
	at org.apache.catalina.connector.Connector.startInternal(Connector.java:1020) ~[tomcat-embed-core-8.5.29.jar:8.5.29]
	at org.apache.catalina.util.LifecycleBase.start(LifecycleBase.java:150) ~[tomcat-embed-core-8.5.29.jar:8.5.29]
	... 13 more
Caused by: java.net.BindException: Address already in use: bind
	at sun.nio.ch.Net.bind0(Native Method) ~[?:1.8.0_191]
	at sun.nio.ch.Net.bind(Unknown Source) ~[?:1.8.0_191]
	at sun.nio.ch.Net.bind(Unknown Source) ~[?:1.8.0_191]
	at sun.nio.ch.ServerSocketChannelImpl.bind(Unknown Source) ~[?:1.8.0_191]
	at sun.nio.ch.ServerSocketAdaptor.bind(Unknown Source) ~[?:1.8.0_191]
	at org.apache.tomcat.util.net.NioEndpoint.bind(NioEndpoint.java:210) ~[tomcat-embed-core-8.5.29.jar:8.5.29]
	at org.apache.tomcat.util.net.AbstractEndpoint.start(AbstractEndpoint.java:1150) ~[tomcat-embed-core-8.5.29.jar:8.5.29]
	at org.apache.coyote.AbstractProtocol.start(AbstractProtocol.java:591) ~[tomcat-embed-core-8.5.29.jar:8.5.29]
	at org.apache.catalina.connector.Connector.startInternal(Connector.java:1018) ~[tomcat-embed-core-8.5.29.jar:8.5.29]
	at org.apache.catalina.util.LifecycleBase.start(LifecycleBase.java:150) ~[tomcat-embed-core-8.5.29.jar:8.5.29]
	... 13 more
