11:37:36.628 [main] INFO  org.springboot.blog.project.blogs.blogApplication - Starting blogApplication on DESKTOP-F5AJOM6 with PID 16340 (C:\java\LearningCode\springboot-blog-project-master\springboot-blog-project-blogs\target\classes started by zK1ys in C:\java\LearningCode\springboot-blog-project-master\springboot-blog-project-blogs)
11:37:36.636 [main] INFO  org.springboot.blog.project.blogs.blogApplication - No active profile set, falling back to default profiles: default
11:37:38.245 [main] INFO  org.apache.coyote.http11.Http11NioProtocol - Initializing ProtocolHandler ["http-nio-9082"]
11:37:38.257 [main] INFO  org.apache.catalina.core.StandardService - Starting service [Tomcat]
11:37:38.258 [main] INFO  org.apache.catalina.core.StandardEngine - Starting Servlet Engine: Apache Tomcat/8.5.29
11:37:38.266 [localhost-startStop-1] INFO  org.apache.catalina.core.AprLifecycleListener - The APR based Apache Tomcat Native library which allows optimal performance in production environments was not found on the java.library.path: [C:\Program Files\Java\jre1.8.0_191\bin;C:\Windows\Sun\Java\bin;C:\Windows\system32;C:\Windows;C:/Program Files/Java/jre1.8.0_191/bin/server;C:/Program Files/Java/jre1.8.0_191/bin;C:/Program Files/Java/jre1.8.0_191/lib/amd64;C:\java\DevelopTools\;C:\Program Files (x86)\Common Files\Oracle\Java\javapath;C:\Windows\system32;C:\Windows;C:\Windows\System32\Wbem;C:\Windows\System32\WindowsPowerShell\v1.0\;C:\Windows\System32\OpenSSH\;C:\Program Files (x86)\NVIDIA Corporation\PhysX\Common;C:\Program Files\TortoiseSVN\bin;"%JAVA_HOME%\bin;%JAVA_HOME%\jre\bin;";C:\Users\zK1ys\AppData\Local\Microsoft\WindowsApps;;C:\java\DevelopTools\sts-4.2.2.RELEASE;;.]
11:37:38.374 [localhost-startStop-1] INFO  org.apache.catalina.core.ContainerBase.[Tomcat].[localhost].[/blogapp] - Initializing Spring embedded WebApplicationContext
11:37:40.156 [main] INFO  org.apache.coyote.http11.Http11NioProtocol - Starting ProtocolHandler ["http-nio-9082"]
11:37:40.166 [main] INFO  org.apache.tomcat.util.net.NioSelectorPool - Using a shared selector for servlet write/read
11:37:40.201 [main] INFO  org.springboot.blog.project.blogs.blogApplication - Started blogApplication in 4.022 seconds (JVM running for 5.667)
11:37:44.076 [http-nio-9082-exec-2] INFO  org.apache.catalina.core.ContainerBase.[Tomcat].[localhost].[/blogapp] - Initializing Spring FrameworkServlet 'dispatcherServlet'
11:37:44.169 [http-nio-9082-exec-2] INFO  com.zaxxer.hikari.HikariDataSource - HikariPool-1 - Starting...
11:37:44.737 [http-nio-9082-exec-2] INFO  com.zaxxer.hikari.HikariDataSource - HikariPool-1 - Start completed.
11:37:44.750 [http-nio-9082-exec-2] DEBUG org.springboot.blog.project.blogs.mapper.BlogMapper.qryBlogDetail - ==>  Preparing: SELECT a.user_id, a.user_name, a.user_photo, c.blog_title, c.blog_id, c.state, c.create_DATE, c.update_DATE, c.blog_read_num , d.blog_text_id, d.blog_text FROM USERINFO a, BLOG c , BLOG_TEXT d WHERE a.user_id = c.user_id and c.blog_text_id=d.blog_text_id and c.blog_id=? 
11:37:44.767 [http-nio-9082-exec-2] DEBUG org.springboot.blog.project.blogs.mapper.BlogMapper.qryBlogDetail - ==> Parameters: 1(Long)
11:37:44.813 [http-nio-9082-exec-2] TRACE org.springboot.blog.project.blogs.mapper.BlogMapper.qryBlogDetail - <==    Columns: user_id, user_name, user_photo, blog_title, blog_id, state, create_DATE, update_DATE, blog_read_num, blog_text_id, blog_text
11:37:44.814 [http-nio-9082-exec-2] TRACE org.springboot.blog.project.blogs.mapper.BlogMapper.qryBlogDetail - <==        Row: 1, 蓝天白云控, https://timgsa.baidu.com/timg?image&quality=80&size=b9999_10000&sec=1559193171062&di=9b6fae6ab32fb4145772f317dac8baef&imgtype=0&src=http%3A%2F%2Fmoviepic.manmankan.com%2Fyybpic%2Fyanyuan%2Fpic%2F991%2F38744_s.jpg, 1, 1, 1000, 2019-05-23 14:43:44.0, 2019-05-23 14:43:44.0, 1, 1, 其实打动女生的心很容易。你难以想象女生有多么容易满足，她们要的不过是一种“你有把我放在心上”的感觉，再小的事都行。\r\n我记得刚跟雅在一起时，看见他打棒球穿在制服里的长袖弹力衣，觉得像秋衣（并不是！）就说这个不好看耶，有没有无袖的？\r\n雅说没有，弹力衣就是穿在里面保护手臂的。我说可是没有袖子比较帅气耶～要不剪掉吧[笑cry]\r\n雅懵了下，笑着说了句“好呀”～\r\n\r\n对话结束，这事儿我完全没放在心上。\r\n\r\n一周后他打比赛，我下午偷偷翘班，去棒球场给他惊喜，到的时候他已经在场上投球了。\r\n我坐在休息区前排，他很快看见了我，我也看见了他——两只光溜溜的手臂！\r\n等他下场来休息区找我，我问怎么今天没穿弹力衣呢？他把制服短袖向上一撸，额……他有穿弹力衣，只是把袖子剪掉了！\r\n\r\n看着弹力衣边缘的碎线头[允悲]我好几秒说不出话来。\r\n“你真剪了呀……”\r\n“对啊，我不是答应你了嘛～你说没有袖子比较帅气，但弹力衣都有袖子，我就DIY了～”\r\n他说得轻描淡写，没有一丝邀功的意思。\r\n\r\n“可你并不知道我今天会来看你打球呀…”\r\n“这和你什么时候、来不来看我打球，有什么关系呢～那天你说完之后，我回家就把它剪啦。难道你看不到，我答应的事就不必做了吗？”\r\n\r\n我还能说啥！好绝一男的！\r\n让你死心塌地有没有！\r\n\r\n这件事很小，甚至都没什么必要。但在我看到他穿着剪掉袖子的弹力衣时，那画面和我内心的惊讶，至今都无比清晰，永远不会忘。\r\n因为这真正是“把你的每句话都放在心上，哪怕可能是玩笑，哪怕并不必须做到”。\r\n\r\n其实很多女孩都是这样。不需要多隆重、多轰轰烈烈，她们渴望的无外乎是——我随口说的一句话，他有认真听到，并且愿意去做。
11:37:44.817 [http-nio-9082-exec-2] DEBUG org.springboot.blog.project.blogs.mapper.BlogMapper.qryBlogDetail - <==      Total: 1
11:37:50.853 [http-nio-9082-exec-2] DEBUG org.springboot.blog.project.blogs.mapper.BlogCommentMapper.qryBlogComment - ==>  Preparing: select a.blog_comment_id, a.blog_comment_text, a.blog_id, a.user_id, a.floor_id, a.create_date, a.state, b.reply_id, b.reply_text, b.parent_id, b.user_id replyUserId, b.create_date replyCreateDate, b.state replyState from BLOG_COMMENT a, COMMENT_REPLY b where a.floor_id =b.parent_id and a.blog_id = ? order by a.blog_comment_id asc 
11:37:50.854 [http-nio-9082-exec-2] DEBUG org.springboot.blog.project.blogs.mapper.BlogCommentMapper.qryBlogComment - ==> Parameters: 1(Long)
11:37:50.883 [http-nio-9082-exec-2] TRACE org.springboot.blog.project.blogs.mapper.BlogCommentMapper.qryBlogComment - <==    Columns: blog_comment_id, blog_comment_text, blog_id, user_id, floor_id, create_date, state, reply_id, reply_text, parent_id, replyUserId, replyCreateDate, replyState
11:37:50.883 [http-nio-9082-exec-2] TRACE org.springboot.blog.project.blogs.mapper.BlogCommentMapper.qryBlogComment - <==        Row: 1, 哈哈哈哈哈哈哈猪猪看到最后 xswl, 1, 1, 1, 2019-05-30 10:20:23.0, 1000, 1, HHHHHHHHHHHH, 1, 2, 2019-05-30 10:27:45.0, 1000
11:37:50.885 [http-nio-9082-exec-2] TRACE org.springboot.blog.project.blogs.mapper.BlogCommentMapper.qryBlogComment - <==        Row: 1, 哈哈哈哈哈哈哈猪猪看到最后 xswl, 1, 1, 1, 2019-05-30 10:20:23.0, 1000, 2, hhhhhhhhhh, 1, 2, 2019-05-30 11:19:47.0, 1000
11:37:50.886 [http-nio-9082-exec-2] DEBUG org.springboot.blog.project.blogs.mapper.BlogCommentMapper.qryBlogComment - <==      Total: 2
11:38:12.027 [http-nio-9082-exec-1] DEBUG org.springboot.blog.project.blogs.mapper.BlogMapper.qryBlogBaseInfo_COUNT - ==>  Preparing: SELECT count(0) FROM USERINFO a, BLOG c, BLOG_TEXT d WHERE a.user_id = c.user_id AND c.blog_text_id = d.blog_text_id 
11:38:12.027 [http-nio-9082-exec-1] DEBUG org.springboot.blog.project.blogs.mapper.BlogMapper.qryBlogBaseInfo_COUNT - ==> Parameters: 
11:38:12.056 [http-nio-9082-exec-1] TRACE org.springboot.blog.project.blogs.mapper.BlogMapper.qryBlogBaseInfo_COUNT - <==    Columns: count(0)
11:38:12.056 [http-nio-9082-exec-1] TRACE org.springboot.blog.project.blogs.mapper.BlogMapper.qryBlogBaseInfo_COUNT - <==        Row: 4
11:38:12.057 [http-nio-9082-exec-1] DEBUG org.springboot.blog.project.blogs.mapper.BlogMapper.qryBlogBaseInfo_COUNT - <==      Total: 1
11:38:12.059 [http-nio-9082-exec-1] DEBUG org.springboot.blog.project.blogs.mapper.BlogMapper.qryBlogBaseInfo - ==>  Preparing: SELECT a.user_id, a.user_name, a.user_photo, c.blog_title, c.blog_id, c.state, c.create_DATE, c.update_DATE, c.blog_read_num , d.blog_text_id, d.blog_text FROM USERINFO a, BLOG c , BLOG_TEXT d WHERE a.user_id = c.user_id and c.blog_text_id=d.blog_text_id ORDER BY update_date DESC LIMIT ? 
11:38:12.060 [http-nio-9082-exec-1] DEBUG org.springboot.blog.project.blogs.mapper.BlogMapper.qryBlogBaseInfo - ==> Parameters: 10(Integer)
11:38:12.089 [http-nio-9082-exec-1] TRACE org.springboot.blog.project.blogs.mapper.BlogMapper.qryBlogBaseInfo - <==    Columns: user_id, user_name, user_photo, blog_title, blog_id, state, create_DATE, update_DATE, blog_read_num, blog_text_id, blog_text
11:38:12.090 [http-nio-9082-exec-1] TRACE org.springboot.blog.project.blogs.mapper.BlogMapper.qryBlogBaseInfo - <==        Row: 1, 蓝天白云控, https://timgsa.baidu.com/timg?image&quality=80&size=b9999_10000&sec=1559193171062&di=9b6fae6ab32fb4145772f317dac8baef&imgtype=0&src=http%3A%2F%2Fmoviepic.manmankan.com%2Fyybpic%2Fyanyuan%2Fpic%2F991%2F38744_s.jpg, 1, 1, 1000, 2019-05-23 14:43:44.0, 2019-05-23 14:43:44.0, 1, 1, 其实打动女生的心很容易。你难以想象女生有多么容易满足，她们要的不过是一种“你有把我放在心上”的感觉，再小的事都行。\r\n我记得刚跟雅在一起时，看见他打棒球穿在制服里的长袖弹力衣，觉得像秋衣（并不是！）就说这个不好看耶，有没有无袖的？\r\n雅说没有，弹力衣就是穿在里面保护手臂的。我说可是没有袖子比较帅气耶～要不剪掉吧[笑cry]\r\n雅懵了下，笑着说了句“好呀”～\r\n\r\n对话结束，这事儿我完全没放在心上。\r\n\r\n一周后他打比赛，我下午偷偷翘班，去棒球场给他惊喜，到的时候他已经在场上投球了。\r\n我坐在休息区前排，他很快看见了我，我也看见了他——两只光溜溜的手臂！\r\n等他下场来休息区找我，我问怎么今天没穿弹力衣呢？他把制服短袖向上一撸，额……他有穿弹力衣，只是把袖子剪掉了！\r\n\r\n看着弹力衣边缘的碎线头[允悲]我好几秒说不出话来。\r\n“你真剪了呀……”\r\n“对啊，我不是答应你了嘛～你说没有袖子比较帅气，但弹力衣都有袖子，我就DIY了～”\r\n他说得轻描淡写，没有一丝邀功的意思。\r\n\r\n“可你并不知道我今天会来看你打球呀…”\r\n“这和你什么时候、来不来看我打球，有什么关系呢～那天你说完之后，我回家就把它剪啦。难道你看不到，我答应的事就不必做了吗？”\r\n\r\n我还能说啥！好绝一男的！\r\n让你死心塌地有没有！\r\n\r\n这件事很小，甚至都没什么必要。但在我看到他穿着剪掉袖子的弹力衣时，那画面和我内心的惊讶，至今都无比清晰，永远不会忘。\r\n因为这真正是“把你的每句话都放在心上，哪怕可能是玩笑，哪怕并不必须做到”。\r\n\r\n其实很多女孩都是这样。不需要多隆重、多轰轰烈烈，她们渴望的无外乎是——我随口说的一句话，他有认真听到，并且愿意去做。
11:38:12.090 [http-nio-9082-exec-1] TRACE org.springboot.blog.project.blogs.mapper.BlogMapper.qryBlogBaseInfo - <==        Row: 1, 蓝天白云控, https://timgsa.baidu.com/timg?image&quality=80&size=b9999_10000&sec=1559193171062&di=9b6fae6ab32fb4145772f317dac8baef&imgtype=0&src=http%3A%2F%2Fmoviepic.manmankan.com%2Fyybpic%2Fyanyuan%2Fpic%2F991%2F38744_s.jpg, 1, 3, 1000, 2019-05-23 14:43:44.0, 2019-05-23 14:43:44.0, 1, 1, 其实打动女生的心很容易。你难以想象女生有多么容易满足，她们要的不过是一种“你有把我放在心上”的感觉，再小的事都行。\r\n我记得刚跟雅在一起时，看见他打棒球穿在制服里的长袖弹力衣，觉得像秋衣（并不是！）就说这个不好看耶，有没有无袖的？\r\n雅说没有，弹力衣就是穿在里面保护手臂的。我说可是没有袖子比较帅气耶～要不剪掉吧[笑cry]\r\n雅懵了下，笑着说了句“好呀”～\r\n\r\n对话结束，这事儿我完全没放在心上。\r\n\r\n一周后他打比赛，我下午偷偷翘班，去棒球场给他惊喜，到的时候他已经在场上投球了。\r\n我坐在休息区前排，他很快看见了我，我也看见了他——两只光溜溜的手臂！\r\n等他下场来休息区找我，我问怎么今天没穿弹力衣呢？他把制服短袖向上一撸，额……他有穿弹力衣，只是把袖子剪掉了！\r\n\r\n看着弹力衣边缘的碎线头[允悲]我好几秒说不出话来。\r\n“你真剪了呀……”\r\n“对啊，我不是答应你了嘛～你说没有袖子比较帅气，但弹力衣都有袖子，我就DIY了～”\r\n他说得轻描淡写，没有一丝邀功的意思。\r\n\r\n“可你并不知道我今天会来看你打球呀…”\r\n“这和你什么时候、来不来看我打球，有什么关系呢～那天你说完之后，我回家就把它剪啦。难道你看不到，我答应的事就不必做了吗？”\r\n\r\n我还能说啥！好绝一男的！\r\n让你死心塌地有没有！\r\n\r\n这件事很小，甚至都没什么必要。但在我看到他穿着剪掉袖子的弹力衣时，那画面和我内心的惊讶，至今都无比清晰，永远不会忘。\r\n因为这真正是“把你的每句话都放在心上，哪怕可能是玩笑，哪怕并不必须做到”。\r\n\r\n其实很多女孩都是这样。不需要多隆重、多轰轰烈烈，她们渴望的无外乎是——我随口说的一句话，他有认真听到，并且愿意去做。
11:38:12.091 [http-nio-9082-exec-1] TRACE org.springboot.blog.project.blogs.mapper.BlogMapper.qryBlogBaseInfo - <==        Row: 1, 蓝天白云控, https://timgsa.baidu.com/timg?image&quality=80&size=b9999_10000&sec=1559193171062&di=9b6fae6ab32fb4145772f317dac8baef&imgtype=0&src=http%3A%2F%2Fmoviepic.manmankan.com%2Fyybpic%2Fyanyuan%2Fpic%2F991%2F38744_s.jpg, 1, 2, 1000, 2019-05-23 14:43:44.0, 2019-05-23 14:43:44.0, 1, 1, 其实打动女生的心很容易。你难以想象女生有多么容易满足，她们要的不过是一种“你有把我放在心上”的感觉，再小的事都行。\r\n我记得刚跟雅在一起时，看见他打棒球穿在制服里的长袖弹力衣，觉得像秋衣（并不是！）就说这个不好看耶，有没有无袖的？\r\n雅说没有，弹力衣就是穿在里面保护手臂的。我说可是没有袖子比较帅气耶～要不剪掉吧[笑cry]\r\n雅懵了下，笑着说了句“好呀”～\r\n\r\n对话结束，这事儿我完全没放在心上。\r\n\r\n一周后他打比赛，我下午偷偷翘班，去棒球场给他惊喜，到的时候他已经在场上投球了。\r\n我坐在休息区前排，他很快看见了我，我也看见了他——两只光溜溜的手臂！\r\n等他下场来休息区找我，我问怎么今天没穿弹力衣呢？他把制服短袖向上一撸，额……他有穿弹力衣，只是把袖子剪掉了！\r\n\r\n看着弹力衣边缘的碎线头[允悲]我好几秒说不出话来。\r\n“你真剪了呀……”\r\n“对啊，我不是答应你了嘛～你说没有袖子比较帅气，但弹力衣都有袖子，我就DIY了～”\r\n他说得轻描淡写，没有一丝邀功的意思。\r\n\r\n“可你并不知道我今天会来看你打球呀…”\r\n“这和你什么时候、来不来看我打球，有什么关系呢～那天你说完之后，我回家就把它剪啦。难道你看不到，我答应的事就不必做了吗？”\r\n\r\n我还能说啥！好绝一男的！\r\n让你死心塌地有没有！\r\n\r\n这件事很小，甚至都没什么必要。但在我看到他穿着剪掉袖子的弹力衣时，那画面和我内心的惊讶，至今都无比清晰，永远不会忘。\r\n因为这真正是“把你的每句话都放在心上，哪怕可能是玩笑，哪怕并不必须做到”。\r\n\r\n其实很多女孩都是这样。不需要多隆重、多轰轰烈烈，她们渴望的无外乎是——我随口说的一句话，他有认真听到，并且愿意去做。
11:38:12.092 [http-nio-9082-exec-1] TRACE org.springboot.blog.project.blogs.mapper.BlogMapper.qryBlogBaseInfo - <==        Row: 1, 蓝天白云控, https://timgsa.baidu.com/timg?image&quality=80&size=b9999_10000&sec=1559193171062&di=9b6fae6ab32fb4145772f317dac8baef&imgtype=0&src=http%3A%2F%2Fmoviepic.manmankan.com%2Fyybpic%2Fyanyuan%2Fpic%2F991%2F38744_s.jpg, 1, 4, 1000, 2019-05-23 14:43:44.0, 2019-05-23 14:43:44.0, 1, 1, 其实打动女生的心很容易。你难以想象女生有多么容易满足，她们要的不过是一种“你有把我放在心上”的感觉，再小的事都行。\r\n我记得刚跟雅在一起时，看见他打棒球穿在制服里的长袖弹力衣，觉得像秋衣（并不是！）就说这个不好看耶，有没有无袖的？\r\n雅说没有，弹力衣就是穿在里面保护手臂的。我说可是没有袖子比较帅气耶～要不剪掉吧[笑cry]\r\n雅懵了下，笑着说了句“好呀”～\r\n\r\n对话结束，这事儿我完全没放在心上。\r\n\r\n一周后他打比赛，我下午偷偷翘班，去棒球场给他惊喜，到的时候他已经在场上投球了。\r\n我坐在休息区前排，他很快看见了我，我也看见了他——两只光溜溜的手臂！\r\n等他下场来休息区找我，我问怎么今天没穿弹力衣呢？他把制服短袖向上一撸，额……他有穿弹力衣，只是把袖子剪掉了！\r\n\r\n看着弹力衣边缘的碎线头[允悲]我好几秒说不出话来。\r\n“你真剪了呀……”\r\n“对啊，我不是答应你了嘛～你说没有袖子比较帅气，但弹力衣都有袖子，我就DIY了～”\r\n他说得轻描淡写，没有一丝邀功的意思。\r\n\r\n“可你并不知道我今天会来看你打球呀…”\r\n“这和你什么时候、来不来看我打球，有什么关系呢～那天你说完之后，我回家就把它剪啦。难道你看不到，我答应的事就不必做了吗？”\r\n\r\n我还能说啥！好绝一男的！\r\n让你死心塌地有没有！\r\n\r\n这件事很小，甚至都没什么必要。但在我看到他穿着剪掉袖子的弹力衣时，那画面和我内心的惊讶，至今都无比清晰，永远不会忘。\r\n因为这真正是“把你的每句话都放在心上，哪怕可能是玩笑，哪怕并不必须做到”。\r\n\r\n其实很多女孩都是这样。不需要多隆重、多轰轰烈烈，她们渴望的无外乎是——我随口说的一句话，他有认真听到，并且愿意去做。
11:38:12.093 [http-nio-9082-exec-1] DEBUG org.springboot.blog.project.blogs.mapper.BlogMapper.qryBlogBaseInfo - <==      Total: 4
11:38:12.094 [http-nio-9082-exec-1] DEBUG org.springboot.blog.project.blogs.mapper.BlogMapper.qryBlogCommentSum - ==>  Preparing: SELECT sum(a.countComment+b.countReply) sumComment FROM ( ( SELECT COUNT( 1 ) countComment FROM BLOG_COMMENT WHERE state=1000 and blog_id = ? ) a, ( SELECT COUNT( 1 ) countReply FROM COMMENT_REPLY a, BLOG_COMMENT b WHERE a.parent_id =b.blog_comment_id and a.state=1000 and b.state=1000 AND b.blog_id = ? ) b ) 
11:38:12.094 [http-nio-9082-exec-1] DEBUG org.springboot.blog.project.blogs.mapper.BlogMapper.qryBlogCommentSum - ==> Parameters: 1(Long), 1(Long)
11:38:12.124 [http-nio-9082-exec-1] TRACE org.springboot.blog.project.blogs.mapper.BlogMapper.qryBlogCommentSum - <==    Columns: sumComment
11:38:12.124 [http-nio-9082-exec-1] TRACE org.springboot.blog.project.blogs.mapper.BlogMapper.qryBlogCommentSum - <==        Row: 4
11:38:12.124 [http-nio-9082-exec-1] DEBUG org.springboot.blog.project.blogs.mapper.BlogMapper.qryBlogCommentSum - <==      Total: 1
11:38:12.124 [http-nio-9082-exec-1] DEBUG org.springboot.blog.project.blogs.mapper.BlogMapper.qryBlogCommentSum - ==>  Preparing: SELECT sum(a.countComment+b.countReply) sumComment FROM ( ( SELECT COUNT( 1 ) countComment FROM BLOG_COMMENT WHERE state=1000 and blog_id = ? ) a, ( SELECT COUNT( 1 ) countReply FROM COMMENT_REPLY a, BLOG_COMMENT b WHERE a.parent_id =b.blog_comment_id and a.state=1000 and b.state=1000 AND b.blog_id = ? ) b ) 
11:38:12.125 [http-nio-9082-exec-1] DEBUG org.springboot.blog.project.blogs.mapper.BlogMapper.qryBlogCommentSum - ==> Parameters: 3(Long), 3(Long)
11:38:12.153 [http-nio-9082-exec-1] TRACE org.springboot.blog.project.blogs.mapper.BlogMapper.qryBlogCommentSum - <==    Columns: sumComment
11:38:12.154 [http-nio-9082-exec-1] TRACE org.springboot.blog.project.blogs.mapper.BlogMapper.qryBlogCommentSum - <==        Row: 0
11:38:12.154 [http-nio-9082-exec-1] DEBUG org.springboot.blog.project.blogs.mapper.BlogMapper.qryBlogCommentSum - <==      Total: 1
11:38:12.155 [http-nio-9082-exec-1] DEBUG org.springboot.blog.project.blogs.mapper.BlogMapper.qryBlogCommentSum - ==>  Preparing: SELECT sum(a.countComment+b.countReply) sumComment FROM ( ( SELECT COUNT( 1 ) countComment FROM BLOG_COMMENT WHERE state=1000 and blog_id = ? ) a, ( SELECT COUNT( 1 ) countReply FROM COMMENT_REPLY a, BLOG_COMMENT b WHERE a.parent_id =b.blog_comment_id and a.state=1000 and b.state=1000 AND b.blog_id = ? ) b ) 
11:38:12.156 [http-nio-9082-exec-1] DEBUG org.springboot.blog.project.blogs.mapper.BlogMapper.qryBlogCommentSum - ==> Parameters: 2(Long), 2(Long)
11:38:12.185 [http-nio-9082-exec-1] TRACE org.springboot.blog.project.blogs.mapper.BlogMapper.qryBlogCommentSum - <==    Columns: sumComment
11:38:12.185 [http-nio-9082-exec-1] TRACE org.springboot.blog.project.blogs.mapper.BlogMapper.qryBlogCommentSum - <==        Row: 0
11:38:12.186 [http-nio-9082-exec-1] DEBUG org.springboot.blog.project.blogs.mapper.BlogMapper.qryBlogCommentSum - <==      Total: 1
11:38:12.187 [http-nio-9082-exec-1] DEBUG org.springboot.blog.project.blogs.mapper.BlogMapper.qryBlogCommentSum - ==>  Preparing: SELECT sum(a.countComment+b.countReply) sumComment FROM ( ( SELECT COUNT( 1 ) countComment FROM BLOG_COMMENT WHERE state=1000 and blog_id = ? ) a, ( SELECT COUNT( 1 ) countReply FROM COMMENT_REPLY a, BLOG_COMMENT b WHERE a.parent_id =b.blog_comment_id and a.state=1000 and b.state=1000 AND b.blog_id = ? ) b ) 
11:38:12.187 [http-nio-9082-exec-1] DEBUG org.springboot.blog.project.blogs.mapper.BlogMapper.qryBlogCommentSum - ==> Parameters: 4(Long), 4(Long)
11:38:12.216 [http-nio-9082-exec-1] TRACE org.springboot.blog.project.blogs.mapper.BlogMapper.qryBlogCommentSum - <==    Columns: sumComment
11:38:12.216 [http-nio-9082-exec-1] TRACE org.springboot.blog.project.blogs.mapper.BlogMapper.qryBlogCommentSum - <==        Row: 0
11:38:12.216 [http-nio-9082-exec-1] DEBUG org.springboot.blog.project.blogs.mapper.BlogMapper.qryBlogCommentSum - <==      Total: 1
11:38:21.417 [http-nio-9082-exec-3] DEBUG org.springboot.blog.project.blogs.mapper.BlogMapper.qryBlogDetail - ==>  Preparing: SELECT a.user_id, a.user_name, a.user_photo, c.blog_title, c.blog_id, c.state, c.create_DATE, c.update_DATE, c.blog_read_num , d.blog_text_id, d.blog_text FROM USERINFO a, BLOG c , BLOG_TEXT d WHERE a.user_id = c.user_id and c.blog_text_id=d.blog_text_id and c.blog_id=? 
11:38:21.418 [http-nio-9082-exec-3] DEBUG org.springboot.blog.project.blogs.mapper.BlogMapper.qryBlogDetail - ==> Parameters: 1(Long)
11:38:21.447 [http-nio-9082-exec-3] TRACE org.springboot.blog.project.blogs.mapper.BlogMapper.qryBlogDetail - <==    Columns: user_id, user_name, user_photo, blog_title, blog_id, state, create_DATE, update_DATE, blog_read_num, blog_text_id, blog_text
11:38:21.448 [http-nio-9082-exec-3] TRACE org.springboot.blog.project.blogs.mapper.BlogMapper.qryBlogDetail - <==        Row: 1, 蓝天白云控, https://timgsa.baidu.com/timg?image&quality=80&size=b9999_10000&sec=1559193171062&di=9b6fae6ab32fb4145772f317dac8baef&imgtype=0&src=http%3A%2F%2Fmoviepic.manmankan.com%2Fyybpic%2Fyanyuan%2Fpic%2F991%2F38744_s.jpg, 1, 1, 1000, 2019-05-23 14:43:44.0, 2019-05-23 14:43:44.0, 1, 1, 其实打动女生的心很容易。你难以想象女生有多么容易满足，她们要的不过是一种“你有把我放在心上”的感觉，再小的事都行。\r\n我记得刚跟雅在一起时，看见他打棒球穿在制服里的长袖弹力衣，觉得像秋衣（并不是！）就说这个不好看耶，有没有无袖的？\r\n雅说没有，弹力衣就是穿在里面保护手臂的。我说可是没有袖子比较帅气耶～要不剪掉吧[笑cry]\r\n雅懵了下，笑着说了句“好呀”～\r\n\r\n对话结束，这事儿我完全没放在心上。\r\n\r\n一周后他打比赛，我下午偷偷翘班，去棒球场给他惊喜，到的时候他已经在场上投球了。\r\n我坐在休息区前排，他很快看见了我，我也看见了他——两只光溜溜的手臂！\r\n等他下场来休息区找我，我问怎么今天没穿弹力衣呢？他把制服短袖向上一撸，额……他有穿弹力衣，只是把袖子剪掉了！\r\n\r\n看着弹力衣边缘的碎线头[允悲]我好几秒说不出话来。\r\n“你真剪了呀……”\r\n“对啊，我不是答应你了嘛～你说没有袖子比较帅气，但弹力衣都有袖子，我就DIY了～”\r\n他说得轻描淡写，没有一丝邀功的意思。\r\n\r\n“可你并不知道我今天会来看你打球呀…”\r\n“这和你什么时候、来不来看我打球，有什么关系呢～那天你说完之后，我回家就把它剪啦。难道你看不到，我答应的事就不必做了吗？”\r\n\r\n我还能说啥！好绝一男的！\r\n让你死心塌地有没有！\r\n\r\n这件事很小，甚至都没什么必要。但在我看到他穿着剪掉袖子的弹力衣时，那画面和我内心的惊讶，至今都无比清晰，永远不会忘。\r\n因为这真正是“把你的每句话都放在心上，哪怕可能是玩笑，哪怕并不必须做到”。\r\n\r\n其实很多女孩都是这样。不需要多隆重、多轰轰烈烈，她们渴望的无外乎是——我随口说的一句话，他有认真听到，并且愿意去做。
11:38:21.449 [http-nio-9082-exec-3] DEBUG org.springboot.blog.project.blogs.mapper.BlogMapper.qryBlogDetail - <==      Total: 1
11:38:21.450 [http-nio-9082-exec-3] DEBUG org.springboot.blog.project.blogs.mapper.BlogCommentMapper.qryBlogComment - ==>  Preparing: select a.blog_comment_id, a.blog_comment_text, a.blog_id, a.user_id, a.floor_id, a.create_date, a.state, b.reply_id, b.reply_text, b.parent_id, b.user_id replyUserId, b.create_date replyCreateDate, b.state replyState from BLOG_COMMENT a, COMMENT_REPLY b where a.floor_id =b.parent_id and a.blog_id = ? order by a.blog_comment_id asc 
11:38:21.450 [http-nio-9082-exec-3] DEBUG org.springboot.blog.project.blogs.mapper.BlogCommentMapper.qryBlogComment - ==> Parameters: 1(Long)
11:38:21.480 [http-nio-9082-exec-3] TRACE org.springboot.blog.project.blogs.mapper.BlogCommentMapper.qryBlogComment - <==    Columns: blog_comment_id, blog_comment_text, blog_id, user_id, floor_id, create_date, state, reply_id, reply_text, parent_id, replyUserId, replyCreateDate, replyState
11:38:21.480 [http-nio-9082-exec-3] TRACE org.springboot.blog.project.blogs.mapper.BlogCommentMapper.qryBlogComment - <==        Row: 1, 哈哈哈哈哈哈哈猪猪看到最后 xswl, 1, 1, 1, 2019-05-30 10:20:23.0, 1000, 1, HHHHHHHHHHHH, 1, 2, 2019-05-30 10:27:45.0, 1000
11:38:21.482 [http-nio-9082-exec-3] TRACE org.springboot.blog.project.blogs.mapper.BlogCommentMapper.qryBlogComment - <==        Row: 1, 哈哈哈哈哈哈哈猪猪看到最后 xswl, 1, 1, 1, 2019-05-30 10:20:23.0, 1000, 2, hhhhhhhhhh, 1, 2, 2019-05-30 11:19:47.0, 1000
11:38:21.483 [http-nio-9082-exec-3] DEBUG org.springboot.blog.project.blogs.mapper.BlogCommentMapper.qryBlogComment - <==      Total: 2
